{"/home/oliverbenduhn/Dokumente/projekte/bubblephase/src/Bubble.js": {"path":"/home/oliverbenduhn/Dokumente/projekte/bubblephase/src/Bubble.js","statementMap":{"0":{"start":{"line":5,"column":4},"end":{"line":5,"column":23}},"1":{"start":{"line":6,"column":4},"end":{"line":6,"column":15}},"2":{"start":{"line":7,"column":4},"end":{"line":7,"column":15}},"3":{"start":{"line":8,"column":4},"end":{"line":8,"column":25}},"4":{"start":{"line":9,"column":4},"end":{"line":9,"column":27}},"5":{"start":{"line":10,"column":4},"end":{"line":10,"column":27}},"6":{"start":{"line":15,"column":4},"end":{"line":15,"column":39}},"7":{"start":{"line":20,"column":4},"end":{"line":22,"column":5}},"8":{"start":{"line":21,"column":6},"end":{"line":21,"column":32}},"9":{"start":{"line":25,"column":23},"end":{"line":25,"column":33}},"10":{"start":{"line":26,"column":4},"end":{"line":26,"column":110}},"11":{"start":{"line":29,"column":22},"end":{"line":29,"column":44}},"12":{"start":{"line":32,"column":4},"end":{"line":32,"column":84}},"13":{"start":{"line":34,"column":4},"end":{"line":34,"column":60}},"14":{"start":{"line":37,"column":4},"end":{"line":37,"column":48}},"15":{"start":{"line":38,"column":4},"end":{"line":38,"column":54}},"16":{"start":{"line":39,"column":4},"end":{"line":39,"column":41}},"17":{"start":{"line":40,"column":4},"end":{"line":40,"column":41}},"18":{"start":{"line":41,"column":4},"end":{"line":41,"column":41}},"19":{"start":{"line":42,"column":4},"end":{"line":42,"column":50}},"20":{"start":{"line":43,"column":4},"end":{"line":43,"column":39}},"21":{"start":{"line":46,"column":4},"end":{"line":46,"column":40}},"22":{"start":{"line":49,"column":4},"end":{"line":49,"column":53}},"23":{"start":{"line":52,"column":4},"end":{"line":52,"column":43}},"24":{"start":{"line":55,"column":4},"end":{"line":57,"column":5}},"25":{"start":{"line":56,"column":6},"end":{"line":56,"column":46}},"26":{"start":{"line":60,"column":4},"end":{"line":60,"column":27}},"27":{"start":{"line":65,"column":4},"end":{"line":67,"column":5}},"28":{"start":{"line":66,"column":6},"end":{"line":66,"column":47}},"29":{"start":{"line":72,"column":4},"end":{"line":72,"column":15}},"30":{"start":{"line":73,"column":4},"end":{"line":73,"column":15}},"31":{"start":{"line":74,"column":4},"end":{"line":90,"column":5}},"32":{"start":{"line":76,"column":6},"end":{"line":76,"column":40}},"33":{"start":{"line":79,"column":6},"end":{"line":89,"column":7}},"34":{"start":{"line":81,"column":8},"end":{"line":81,"column":47}},"35":{"start":{"line":83,"column":8},"end":{"line":83,"column":49}},"36":{"start":{"line":84,"column":8},"end":{"line":84,"column":49}},"37":{"start":{"line":86,"column":8},"end":{"line":88,"column":9}},"38":{"start":{"line":87,"column":10},"end":{"line":87,"column":54}},"39":{"start":{"line":95,"column":4},"end":{"line":98,"column":5}},"40":{"start":{"line":96,"column":6},"end":{"line":96,"column":32}},"41":{"start":{"line":97,"column":6},"end":{"line":97,"column":29}},"42":{"start":{"line":103,"column":29},"end":{"line":110,"column":1}}},"fnMap":{"0":{"name":"(anonymous_0)","decl":{"start":{"line":4,"column":2},"end":{"line":4,"column":3}},"loc":{"start":{"line":4,"column":44},"end":{"line":11,"column":3}},"line":4},"1":{"name":"(anonymous_1)","decl":{"start":{"line":14,"column":2},"end":{"line":14,"column":3}},"loc":{"start":{"line":14,"column":14},"end":{"line":16,"column":3}},"line":14},"2":{"name":"(anonymous_2)","decl":{"start":{"line":19,"column":2},"end":{"line":19,"column":3}},"loc":{"start":{"line":19,"column":9},"end":{"line":61,"column":3}},"line":19},"3":{"name":"(anonymous_3)","decl":{"start":{"line":64,"column":2},"end":{"line":64,"column":3}},"loc":{"start":{"line":64,"column":22},"end":{"line":68,"column":3}},"line":64},"4":{"name":"(anonymous_4)","decl":{"start":{"line":71,"column":2},"end":{"line":71,"column":3}},"loc":{"start":{"line":71,"column":20},"end":{"line":91,"column":3}},"line":71},"5":{"name":"(anonymous_5)","decl":{"start":{"line":94,"column":2},"end":{"line":94,"column":3}},"loc":{"start":{"line":94,"column":12},"end":{"line":99,"column":3}},"line":94}},"branchMap":{"0":{"loc":{"start":{"line":20,"column":4},"end":{"line":22,"column":5}},"type":"if","locations":[{"start":{"line":20,"column":4},"end":{"line":22,"column":5}},{"start":{},"end":{}}],"line":20},"1":{"loc":{"start":{"line":29,"column":22},"end":{"line":29,"column":44}},"type":"binary-expr","locations":[{"start":{"line":29,"column":22},"end":{"line":29,"column":32}},{"start":{"line":29,"column":36},"end":{"line":29,"column":44}}],"line":29},"2":{"loc":{"start":{"line":55,"column":4},"end":{"line":57,"column":5}},"type":"if","locations":[{"start":{"line":55,"column":4},"end":{"line":57,"column":5}},{"start":{},"end":{}}],"line":55},"3":{"loc":{"start":{"line":65,"column":4},"end":{"line":67,"column":5}},"type":"if","locations":[{"start":{"line":65,"column":4},"end":{"line":67,"column":5}},{"start":{},"end":{}}],"line":65},"4":{"loc":{"start":{"line":74,"column":4},"end":{"line":90,"column":5}},"type":"if","locations":[{"start":{"line":74,"column":4},"end":{"line":90,"column":5}},{"start":{},"end":{}}],"line":74},"5":{"loc":{"start":{"line":79,"column":6},"end":{"line":89,"column":7}},"type":"if","locations":[{"start":{"line":79,"column":6},"end":{"line":89,"column":7}},{"start":{},"end":{}}],"line":79},"6":{"loc":{"start":{"line":86,"column":8},"end":{"line":88,"column":9}},"type":"if","locations":[{"start":{"line":86,"column":8},"end":{"line":88,"column":9}},{"start":{},"end":{}}],"line":86},"7":{"loc":{"start":{"line":95,"column":4},"end":{"line":98,"column":5}},"type":"if","locations":[{"start":{"line":95,"column":4},"end":{"line":98,"column":5}},{"start":{},"end":{}}],"line":95}},"s":{"0":11,"1":11,"2":11,"3":11,"4":11,"5":11,"6":11,"7":7,"8":1,"9":7,"10":7,"11":7,"12":7,"13":7,"14":7,"15":7,"16":7,"17":7,"18":7,"19":7,"20":7,"21":7,"22":7,"23":7,"24":7,"25":7,"26":7,"27":2,"28":1,"29":3,"30":3,"31":3,"32":2,"33":2,"34":2,"35":2,"36":2,"37":2,"38":1,"39":2,"40":1,"41":1,"42":1},"f":{"0":11,"1":11,"2":7,"3":2,"4":3,"5":2},"b":{"0":[1,6],"1":[7,0],"2":[7,0],"3":[1,1],"4":[2,1],"5":[2,0],"6":[1,1],"7":[1,1]},"_coverageSchema":"1a1c01bbd47fc00a2c39e90264f33305004495a9","hash":"66f15005d313ba8747097a1f22e00cbe85445e83"}
,"/home/oliverbenduhn/Dokumente/projekte/bubblephase/src/config.js": {"path":"/home/oliverbenduhn/Dokumente/projekte/bubblephase/src/config.js","statementMap":{"0":{"start":{"line":2,"column":29},"end":{"line":2,"column":31}},"1":{"start":{"line":5,"column":32},"end":{"line":13,"column":1}},"2":{"start":{"line":16,"column":29},"end":{"line":23,"column":1}},"3":{"start":{"line":26,"column":28},"end":{"line":129,"column":1}},"4":{"start":{"line":132,"column":35},"end":{"line":132,"column":63}},"5":{"start":{"line":135,"column":24},"end":{"line":135,"column":25}},"6":{"start":{"line":136,"column":18},"end":{"line":136,"column":43}},"7":{"start":{"line":140,"column":4},"end":{"line":140,"column":87}},"8":{"start":{"line":145,"column":4},"end":{"line":145,"column":43}},"9":{"start":{"line":150,"column":21},"end":{"line":150,"column":43}},"10":{"start":{"line":151,"column":4},"end":{"line":151,"column":65}},"11":{"start":{"line":156,"column":4},"end":{"line":162,"column":5}},"12":{"start":{"line":157,"column":8},"end":{"line":157,"column":39}},"13":{"start":{"line":158,"column":25},"end":{"line":158,"column":46}},"14":{"start":{"line":159,"column":22},"end":{"line":159,"column":44}},"15":{"start":{"line":160,"column":8},"end":{"line":160,"column":45}},"16":{"start":{"line":161,"column":8},"end":{"line":161,"column":21}},"17":{"start":{"line":163,"column":4},"end":{"line":163,"column":16}},"18":{"start":{"line":168,"column":4},"end":{"line":168,"column":67}},"19":{"start":{"line":169,"column":24},"end":{"line":169,"column":52}},"20":{"start":{"line":170,"column":21},"end":{"line":170,"column":46}},"21":{"start":{"line":173,"column":4},"end":{"line":173,"column":44}},"22":{"start":{"line":175,"column":4},"end":{"line":179,"column":6}},"23":{"start":{"line":184,"column":28},"end":{"line":184,"column":56}},"24":{"start":{"line":185,"column":4},"end":{"line":189,"column":6}},"25":{"start":{"line":193,"column":29},"end":{"line":201,"column":1}}},"fnMap":{"0":{"name":"getColorValue","decl":{"start":{"line":139,"column":16},"end":{"line":139,"column":29}},"loc":{"start":{"line":139,"column":39},"end":{"line":141,"column":1}},"line":139},"1":{"name":"getAvailableColorIds","decl":{"start":{"line":144,"column":16},"end":{"line":144,"column":36}},"loc":{"start":{"line":144,"column":39},"end":{"line":146,"column":1}},"line":144},"2":{"name":"getRandomColorId","decl":{"start":{"line":149,"column":16},"end":{"line":149,"column":32}},"loc":{"start":{"line":149,"column":35},"end":{"line":152,"column":1}},"line":149},"3":{"name":"switchToTheme","decl":{"start":{"line":155,"column":16},"end":{"line":155,"column":29}},"loc":{"start":{"line":155,"column":42},"end":{"line":164,"column":1}},"line":155},"4":{"name":"switchColorTheme","decl":{"start":{"line":167,"column":16},"end":{"line":167,"column":32}},"loc":{"start":{"line":167,"column":35},"end":{"line":180,"column":1}},"line":167},"5":{"name":"getCurrentTheme","decl":{"start":{"line":183,"column":16},"end":{"line":183,"column":31}},"loc":{"start":{"line":183,"column":34},"end":{"line":190,"column":1}},"line":183}},"branchMap":{"0":{"loc":{"start":{"line":140,"column":11},"end":{"line":140,"column":86}},"type":"binary-expr","locations":[{"start":{"line":140,"column":11},"end":{"line":140,"column":41}},{"start":{"line":140,"column":45},"end":{"line":140,"column":86}}],"line":140},"1":{"loc":{"start":{"line":156,"column":4},"end":{"line":162,"column":5}},"type":"if","locations":[{"start":{"line":156,"column":4},"end":{"line":162,"column":5}},{"start":{},"end":{}}],"line":156},"2":{"loc":{"start":{"line":156,"column":8},"end":{"line":156,"column":56}},"type":"binary-expr","locations":[{"start":{"line":156,"column":8},"end":{"line":156,"column":23}},{"start":{"line":156,"column":27},"end":{"line":156,"column":56}}],"line":156}},"s":{"0":1,"1":1,"2":1,"3":1,"4":1,"5":1,"6":1,"7":11,"8":0,"9":0,"10":0,"11":0,"12":0,"13":0,"14":0,"15":0,"16":0,"17":0,"18":0,"19":0,"20":0,"21":0,"22":0,"23":0,"24":0,"25":1},"f":{"0":11,"1":0,"2":0,"3":0,"4":0,"5":0},"b":{"0":[11,0],"1":[0,0],"2":[0,0]},"_coverageSchema":"1a1c01bbd47fc00a2c39e90264f33305004495a9","hash":"a5b84e614a109c88f6bafb27a874a87ea507fd14"}
,"/home/oliverbenduhn/Dokumente/projekte/bubblephase/src/test-utils.js": {"path":"/home/oliverbenduhn/Dokumente/projekte/bubblephase/src/test-utils.js","statementMap":{"0":{"start":{"line":5,"column":30},"end":{"line":12,"column":1}},"1":{"start":{"line":15,"column":30},"end":{"line":17,"column":1}},"2":{"start":{"line":16,"column":4},"end":{"line":16,"column":40}}},"fnMap":{"0":{"name":"(anonymous_0)","decl":{"start":{"line":15,"column":30},"end":{"line":15,"column":31}},"loc":{"start":{"line":15,"column":48},"end":{"line":17,"column":1}},"line":15}},"branchMap":{},"s":{"0":1,"1":1,"2":0},"f":{"0":0},"b":{},"_coverageSchema":"1a1c01bbd47fc00a2c39e90264f33305004495a9","hash":"b06b87db0b33cd5a36281d2c5061efbf7f93082b"}
}
