TN:
SF:src/Bubble.js
FN:4,(anonymous_0)
FN:14,(anonymous_1)
FN:19,(anonymous_2)
FN:64,(anonymous_3)
FN:71,(anonymous_4)
FN:94,(anonymous_5)
FNF:6
FNH:6
FNDA:11,(anonymous_0)
FNDA:11,(anonymous_1)
FNDA:7,(anonymous_2)
FNDA:2,(anonymous_3)
FNDA:3,(anonymous_4)
FNDA:2,(anonymous_5)
DA:5,11
DA:6,11
DA:7,11
DA:8,11
DA:9,11
DA:10,11
DA:15,11
DA:20,7
DA:21,1
DA:25,7
DA:26,7
DA:29,7
DA:32,7
DA:34,7
DA:37,7
DA:38,7
DA:39,7
DA:40,7
DA:41,7
DA:42,7
DA:43,7
DA:46,7
DA:49,7
DA:52,7
DA:55,7
DA:56,7
DA:60,7
DA:65,2
DA:66,1
DA:72,3
DA:73,3
DA:74,3
DA:76,2
DA:79,2
DA:81,2
DA:83,2
DA:84,2
DA:86,2
DA:87,1
DA:95,2
DA:96,1
DA:97,1
DA:103,1
LF:43
LH:43
BRDA:20,0,0,1
BRDA:20,0,1,6
BRDA:29,1,0,7
BRDA:29,1,1,0
BRDA:55,2,0,7
BRDA:55,2,1,0
BRDA:65,3,0,1
BRDA:65,3,1,1
BRDA:74,4,0,2
BRDA:74,4,1,1
BRDA:79,5,0,2
BRDA:79,5,1,0
BRDA:86,6,0,1
BRDA:86,6,1,1
BRDA:95,7,0,1
BRDA:95,7,1,1
BRF:16
BRH:13
end_of_record
TN:
SF:src/config.js
FN:139,getColorValue
FN:144,getAvailableColorIds
FN:149,getRandomColorId
FN:155,switchToTheme
FN:167,switchColorTheme
FN:183,getCurrentTheme
FNF:6
FNH:1
FNDA:11,getColorValue
FNDA:0,getAvailableColorIds
FNDA:0,getRandomColorId
FNDA:0,switchToTheme
FNDA:0,switchColorTheme
FNDA:0,getCurrentTheme
DA:2,1
DA:5,1
DA:16,1
DA:26,1
DA:132,1
DA:135,1
DA:136,1
DA:140,11
DA:145,0
DA:150,0
DA:151,0
DA:156,0
DA:157,0
DA:158,0
DA:159,0
DA:160,0
DA:161,0
DA:163,0
DA:168,0
DA:169,0
DA:170,0
DA:173,0
DA:175,0
DA:184,0
DA:185,0
DA:193,1
LF:26
LH:9
BRDA:140,0,0,11
BRDA:140,0,1,0
BRDA:156,1,0,0
BRDA:156,1,1,0
BRDA:156,2,0,0
BRDA:156,2,1,0
BRF:6
BRH:1
end_of_record
TN:
SF:src/test-utils.js
FN:15,(anonymous_0)
FNF:1
FNH:0
FNDA:0,(anonymous_0)
DA:5,1
DA:15,1
DA:16,0
LF:3
LH:2
BRF:0
BRH:0
end_of_record
